# JRE version: OpenJDK Runtime Environment Temurin-17.0.6+10 (17.0.6+10) (build 17.0.6+10)
# Java VM: OpenJDK 64-Bit Server VM Temurin-17.0.6+10 (17.0.6+10, mixed mode, tiered, compressed oops, compressed class ptrs, parallel gc, windows-amd64)
GC Precious Log:
 CPUs: 12 total, 12 available
 Memory: 7549M
 Large Page Support: Disabled
 NUMA Support: Disabled
 Compressed Oops: Enabled (32-bit)
 Alignments: Space 512K, Generation 512K, Heap 2M
 Heap Min Capacity: 100M
 Heap Initial Capacity: 100M
 Heap Max Capacity: 1G
 Pre-touch: Disabled
 Parallel Workers: 10
Heap:
 PSYoungGen      total 17408K, used 13915K [0x00000000eab00000, 0x00000000ebc80000, 0x0000000100000000)
  eden space 16384K, 82% used [0x00000000eab00000,0x00000000eb840f20,0x00000000ebb00000)
  from space 1024K, 33% used [0x00000000ebb00000,0x00000000ebb55f50,0x00000000ebc00000)
  to   space 512K, 0% used [0x00000000ebc00000,0x00000000ebc00000,0x00000000ebc80000)
 ParOldGen       total 68608K, used 37637K [0x00000000c0000000, 0x00000000c4300000, 0x00000000eab00000)
  object space 68608K, 54% used [0x00000000c0000000,0x00000000c24c15d8,0x00000000c4300000)
 Metaspace       used 64238K, committed 65280K, reserved 1114112K
  class space    used 7803K, committed 8256K, reserved 1048576K
GC Heap History (20 events):
Event: 79.365 GC heap before
{Heap before GC invocations=41 (full 3):
 PSYoungGen      total 17408K, used 16960K [0x00000000eab00000, 0x00000000ebd00000, 0x0000000100000000)
  eden space 16384K, 100% used [0x00000000eab00000,0x00000000ebb00000,0x00000000ebb00000)
  from space 1024K, 56% used [0x00000000ebb00000,0x00000000ebb90000,0x00000000ebc00000)
  to   space 1024K, 0% used [0x00000000ebc00000,0x00000000ebc00000,0x00000000ebd00000)
 ParOldGen       total 68608K, used 36300K [0x00000000c0000000, 0x00000000c4300000, 0x00000000eab00000)
  object space 68608K, 52% used [0x00000000c0000000,0x00000000c2373118,0x00000000c4300000)
 Metaspace       used 63114K, committed 64128K, reserved 1105920K
  class space    used 7693K, committed 8128K, reserved 1048576K
}
Event: 79.366 GC heap after
{Heap after GC invocations=41 (full 3):
 PSYoungGen      total 17408K, used 544K [0x00000000eab00000, 0x00000000ebd00000, 0x0000000100000000)
  eden space 16384K, 0% used [0x00000000eab00000,0x00000000eab00000,0x00000000ebb00000)
  from space 1024K, 53% used [0x00000000ebc00000,0x00000000ebc88000,0x00000000ebd00000)
  to   space 1024K, 0% used [0x00000000ebb00000,0x00000000ebb00000,0x00000000ebc00000)
 ParOldGen       total 68608K, used 36364K [0x00000000c0000000, 0x00000000c4300000, 0x00000000eab00000)
  object space 68608K, 53% used [0x00000000c0000000,0x00000000c2383118,0x00000000c4300000)
 Metaspace       used 63114K, committed 64128K, reserved 1105920K
  class space    used 7693K, committed 8128K, reserved 1048576K
}
Event: 86.826 GC heap before
{Heap before GC invocations=42 (full 3):
 PSYoungGen      total 17408K, used 16928K [0x00000000eab00000, 0x00000000ebd00000, 0x0000000100000000)
  eden space 16384K, 100% used [0x00000000eab00000,0x00000000ebb00000,0x00000000ebb00000)
  from space 1024K, 53% used [0x00000000ebc00000,0x00000000ebc88000,0x00000000ebd00000)
  to   space 1024K, 0% used [0x00000000ebb00000,0x00000000ebb00000,0x00000000ebc00000)
 ParOldGen       total 68608K, used 36364K [0x00000000c0000000, 0x00000000c4300000, 0x00000000eab00000)
  object space 68608K, 53% used [0x00000000c0000000,0x00000000c2383118,0x00000000c4300000)
 Metaspace       used 63131K, committed 64128K, reserved 1105920K
  class space    used 7693K, committed 8128K, reserved 1048576K
}
Event: 86.826 GC heap after
{Heap after GC invocations=42 (full 3):
 PSYoungGen      total 17408K, used 288K [0x00000000eab00000, 0x00000000ebc80000, 0x0000000100000000)
  eden space 16384K, 0% used [0x00000000eab00000,0x00000000eab00000,0x00000000ebb00000)
  from space 1024K, 28% used [0x00000000ebb00000,0x00000000ebb48000,0x00000000ebc00000)
  to   space 512K, 0% used [0x00000000ebc00000,0x00000000ebc00000,0x00000000ebc80000)
 ParOldGen       total 68608K, used 36420K [0x00000000c0000000, 0x00000000c4300000, 0x00000000eab00000)
  object space 68608K, 53% used [0x00000000c0000000,0x00000000c2391118,0x00000000c4300000)
 Metaspace       used 63131K, committed 64128K, reserved 1105920K
  class space    used 7693K, committed 8128K, reserved 1048576K
}
Event: 92.430 GC heap before
{Heap before GC invocations=43 (full 3):
 PSYoungGen      total 17408K, used 16672K [0x00000000eab00000, 0x00000000ebc80000, 0x0000000100000000)
  eden space 16384K, 100% used [0x00000000eab00000,0x00000000ebb00000,0x00000000ebb00000)
  from space 1024K, 28% used [0x00000000ebb00000,0x00000000ebb48000,0x00000000ebc00000)
  to   space 512K, 0% used [0x00000000ebc00000,0x00000000ebc00000,0x00000000ebc80000)
 ParOldGen       total 68608K, used 36420K [0x00000000c0000000, 0x00000000c4300000, 0x00000000eab00000)
  object space 68608K, 53% used [0x00000000c0000000,0x00000000c2391118,0x00000000c4300000)
 Metaspace       used 63174K, committed 64128K, reserved 1105920K
  class space    used 7693K, committed 8128K, reserved 1048576K
}
Event: 92.431 GC heap after
{Heap after GC invocations=43 (full 3):
 PSYoungGen      total 16896K, used 512K [0x00000000eab00000, 0x00000000ebd00000, 0x0000000100000000)
  eden space 16384K, 0% used [0x00000000eab00000,0x00000000eab00000,0x00000000ebb00000)
  from space 512K, 100% used [0x00000000ebc00000,0x00000000ebc80000,0x00000000ebc80000)
  to   space 1024K, 0% used [0x00000000ebb00000,0x00000000ebb00000,0x00000000ebc00000)
 ParOldGen       total 68608K, used 36500K [0x00000000c0000000, 0x00000000c4300000, 0x00000000eab00000)
  object space 68608K, 53% used [0x00000000c0000000,0x00000000c23a5118,0x00000000c4300000)
 Metaspace       used 63174K, committed 64128K, reserved 1105920K
  class space    used 7693K, committed 8128K, reserved 1048576K
}
Event: 98.266 GC heap before
{Heap before GC invocations=44 (full 3):
 PSYoungGen      total 16896K, used 16896K [0x00000000eab00000, 0x00000000ebd00000, 0x0000000100000000)
  eden space 16384K, 100% used [0x00000000eab00000,0x00000000ebb00000,0x00000000ebb00000)
  from space 512K, 100% used [0x00000000ebc00000,0x00000000ebc80000,0x00000000ebc80000)
  to   space 1024K, 0% used [0x00000000ebb00000,0x00000000ebb00000,0x00000000ebc00000)
 ParOldGen       total 68608K, used 36500K [0x00000000c0000000, 0x00000000c4300000, 0x00000000eab00000)
  object space 68608K, 53% used [0x00000000c0000000,0x00000000c23a5118,0x00000000c4300000)
 Metaspace       used 63177K, committed 64192K, reserved 1105920K
  class space    used 7693K, committed 8128K, reserved 1048576K
}
Event: 98.267 GC heap after
{Heap after GC invocations=44 (full 3):
 PSYoungGen      total 17408K, used 480K [0x00000000eab00000, 0x00000000ebd00000, 0x0000000100000000)
  eden space 16384K, 0% used [0x00000000eab00000,0x00000000eab00000,0x00000000ebb00000)
  from space 1024K, 46% used [0x00000000ebb00000,0x00000000ebb78000,0x00000000ebc00000)
  to   space 1024K, 0% used [0x00000000ebc00000,0x00000000ebc00000,0x00000000ebd00000)
 ParOldGen       total 68608K, used 36820K [0x00000000c0000000, 0x00000000c4300000, 0x00000000eab00000)
  object space 68608K, 53% used [0x00000000c0000000,0x00000000c23f5118,0x00000000c4300000)
 Metaspace       used 63177K, committed 64192K, reserved 1105920K
  class space    used 7693K, committed 8128K, reserved 1048576K
}
Event: 104.192 GC heap before
{Heap before GC invocations=45 (full 3):
 PSYoungGen      total 17408K, used 16864K [0x00000000eab00000, 0x00000000ebd00000, 0x0000000100000000)
  eden space 16384K, 100% used [0x00000000eab00000,0x00000000ebb00000,0x00000000ebb00000)
  from space 1024K, 46% used [0x00000000ebb00000,0x00000000ebb78000,0x00000000ebc00000)
  to   space 1024K, 0% used [0x00000000ebc00000,0x00000000ebc00000,0x00000000ebd00000)
 ParOldGen       total 68608K, used 36820K [0x00000000c0000000, 0x00000000c4300000, 0x00000000eab00000)
  object space 68608K, 53% used [0x00000000c0000000,0x00000000c23f5118,0x00000000c4300000)
 Metaspace       used 63198K, committed 64192K, reserved 1105920K
  class space    used 7693K, committed 8128K, reserved 1048576K
}
Event: 104.192 GC heap after
{Heap after GC invocations=45 (full 3):
 PSYoungGen      total 17408K, used 512K [0x00000000eab00000, 0x00000000ebd00000, 0x0000000100000000)
  eden space 16384K, 0% used [0x00000000eab00000,0x00000000eab00000,0x00000000ebb00000)
  from space 1024K, 50% used [0x00000000ebc00000,0x00000000ebc80000,0x00000000ebd00000)
  to   space 1024K, 0% used [0x00000000ebb00000,0x00000000ebb00000,0x00000000ebc00000)
 ParOldGen       total 68608K, used 36868K [0x00000000c0000000, 0x00000000c4300000, 0x00000000eab00000)
  object space 68608K, 53% used [0x00000000c0000000,0x00000000c2401118,0x00000000c4300000)
 Metaspace       used 63198K, committed 64192K, reserved 1105920K
  class space    used 7693K, committed 8128K, reserved 1048576K
}
Event: 112.208 GC heap before
{Heap before GC invocations=46 (full 3):
 PSYoungGen      total 17408K, used 16896K [0x00000000eab00000, 0x00000000ebd00000, 0x0000000100000000)
  eden space 16384K, 100% used [0x00000000eab00000,0x00000000ebb00000,0x00000000ebb00000)
  from space 1024K, 50% used [0x00000000ebc00000,0x00000000ebc80000,0x00000000ebd00000)
  to   space 1024K, 0% used [0x00000000ebb00000,0x00000000ebb00000,0x00000000ebc00000)
 ParOldGen       total 68608K, used 36868K [0x00000000c0000000, 0x00000000c4300000, 0x00000000eab00000)
  object space 68608K, 53% used [0x00000000c0000000,0x00000000c2401118,0x00000000c4300000)
 Metaspace       used 63243K, committed 64192K, reserved 1105920K
  class space    used 7693K, committed 8128K, reserved 1048576K
}
Event: 112.209 GC heap after
{Heap after GC invocations=46 (full 3):
 PSYoungGen      total 17408K, used 480K [0x00000000eab00000, 0x00000000ebc80000, 0x0000000100000000)
  eden space 16384K, 0% used [0x00000000eab00000,0x00000000eab00000,0x00000000ebb00000)
  from space 1024K, 46% used [0x00000000ebb00000,0x00000000ebb78000,0x00000000ebc00000)
  to   space 512K, 0% used [0x00000000ebc00000,0x00000000ebc00000,0x00000000ebc80000)
 ParOldGen       total 68608K, used 36932K [0x00000000c0000000, 0x00000000c4300000, 0x00000000eab00000)
  object space 68608K, 53% used [0x00000000c0000000,0x00000000c2411118,0x00000000c4300000)
 Metaspace       used 63243K, committed 64192K, reserved 1105920K
  class space    used 7693K, committed 8128K, reserved 1048576K
}
Event: 121.835 GC heap before
{Heap before GC invocations=47 (full 3):
 PSYoungGen      total 17408K, used 16864K [0x00000000eab00000, 0x00000000ebc80000, 0x0000000100000000)
  eden space 16384K, 100% used [0x00000000eab00000,0x00000000ebb00000,0x00000000ebb00000)
  from space 1024K, 46% used [0x00000000ebb00000,0x00000000ebb78000,0x00000000ebc00000)
  to   space 512K, 0% used [0x00000000ebc00000,0x00000000ebc00000,0x00000000ebc80000)
 ParOldGen       total 68608K, used 36932K [0x00000000c0000000, 0x00000000c4300000, 0x00000000eab00000)
  object space 68608K, 53% used [0x00000000c0000000,0x00000000c2411118,0x00000000c4300000)
 Metaspace       used 63247K, committed 64256K, reserved 1105920K
  class space    used 7693K, committed 8128K, reserved 1048576K
}
Event: 121.837 GC heap after
{Heap after GC invocations=47 (full 3):
 PSYoungGen      total 16896K, used 512K [0x00000000eab00000, 0x00000000ebd00000, 0x0000000100000000)
  eden space 16384K, 0% used [0x00000000eab00000,0x00000000eab00000,0x00000000ebb00000)
  from space 512K, 100% used [0x00000000ebc00000,0x00000000ebc80000,0x00000000ebc80000)
  to   space 1024K, 0% used [0x00000000ebb00000,0x00000000ebb00000,0x00000000ebc00000)
 ParOldGen       total 68608K, used 37028K [0x00000000c0000000, 0x00000000c4300000, 0x00000000eab00000)
  object space 68608K, 53% used [0x00000000c0000000,0x00000000c2429118,0x00000000c4300000)
 Metaspace       used 63247K, committed 64256K, reserved 1105920K
  class space    used 7693K, committed 8128K, reserved 1048576K
}
Event: 129.793 GC heap before
{Heap before GC invocations=48 (full 3):
 PSYoungGen      total 16896K, used 16896K [0x00000000eab00000, 0x00000000ebd00000, 0x0000000100000000)
  eden space 16384K, 100% used [0x00000000eab00000,0x00000000ebb00000,0x00000000ebb00000)
  from space 512K, 100% used [0x00000000ebc00000,0x00000000ebc80000,0x00000000ebc80000)
  to   space 1024K, 0% used [0x00000000ebb00000,0x00000000ebb00000,0x00000000ebc00000)
 ParOldGen       total 68608K, used 37028K [0x00000000c0000000, 0x00000000c4300000, 0x00000000eab00000)
  object space 68608K, 53% used [0x00000000c0000000,0x00000000c2429118,0x00000000c4300000)
 Metaspace       used 63268K, committed 64256K, reserved 1105920K
  class space    used 7693K, committed 8128K, reserved 1048576K
}
Event: 129.799 GC heap after
{Heap after GC invocations=48 (full 3):
 PSYoungGen      total 17408K, used 896K [0x00000000eab00000, 0x00000000ebd00000, 0x0000000100000000)
  eden space 16384K, 0% used [0x00000000eab00000,0x00000000eab00000,0x00000000ebb00000)
  from space 1024K, 87% used [0x00000000ebb00000,0x00000000ebbe0000,0x00000000ebc00000)
  to   space 1024K, 0% used [0x00000000ebc00000,0x00000000ebc00000,0x00000000ebd00000)
 ParOldGen       total 68608K, used 37356K [0x00000000c0000000, 0x00000000c4300000, 0x00000000eab00000)
  object space 68608K, 54% used [0x00000000c0000000,0x00000000c247b128,0x00000000c4300000)
 Metaspace       used 63268K, committed 64256K, reserved 1105920K
  class space    used 7693K, committed 8128K, reserved 1048576K
}
Event: 133.048 GC heap before
{Heap before GC invocations=49 (full 3):
 PSYoungGen      total 17408K, used 17280K [0x00000000eab00000, 0x00000000ebd00000, 0x0000000100000000)
  eden space 16384K, 100% used [0x00000000eab00000,0x00000000ebb00000,0x00000000ebb00000)
  from space 1024K, 87% used [0x00000000ebb00000,0x00000000ebbe0000,0x00000000ebc00000)
  to   space 1024K, 0% used [0x00000000ebc00000,0x00000000ebc00000,0x00000000ebd00000)
 ParOldGen       total 68608K, used 37356K [0x00000000c0000000, 0x00000000c4300000, 0x00000000eab00000)
  object space 68608K, 54% used [0x00000000c0000000,0x00000000c247b128,0x00000000c4300000)
 Metaspace       used 63572K, committed 64576K, reserved 1105920K
  class space    used 7731K, committed 8192K, reserved 1048576K
}
Event: 133.050 GC heap after
{Heap after GC invocations=49 (full 3):
 PSYoungGen      total 17408K, used 448K [0x00000000eab00000, 0x00000000ebd00000, 0x0000000100000000)
  eden space 16384K, 0% used [0x00000000eab00000,0x00000000eab00000,0x00000000ebb00000)
  from space 1024K, 43% used [0x00000000ebc00000,0x00000000ebc70000,0x00000000ebd00000)
  to   space 1024K, 0% used [0x00000000ebb00000,0x00000000ebb00000,0x00000000ebc00000)
 ParOldGen       total 68608K, used 37404K [0x00000000c0000000, 0x00000000c4300000, 0x00000000eab00000)
  object space 68608K, 54% used [0x00000000c0000000,0x00000000c2487128,0x00000000c4300000)
 Metaspace       used 63572K, committed 64576K, reserved 1105920K
  class space    used 7731K, committed 8192K, reserved 1048576K
}
Event: 133.504 GC heap before
{Heap before GC invocations=50 (full 3):
 PSYoungGen      total 17408K, used 16832K [0x00000000eab00000, 0x00000000ebd00000, 0x0000000100000000)
  eden space 16384K, 100% used [0x00000000eab00000,0x00000000ebb00000,0x00000000ebb00000)
  from space 1024K, 43% used [0x00000000ebc00000,0x00000000ebc70000,0x00000000ebd00000)
  to   space 1024K, 0% used [0x00000000ebb00000,0x00000000ebb00000,0x00000000ebc00000)
 ParOldGen       total 68608K, used 37404K [0x00000000c0000000, 0x00000000c4300000, 0x00000000eab00000)
  object space 68608K, 54% used [0x00000000c0000000,0x00000000c2487128,0x00000000c4300000)
 Metaspace       used 63898K, committed 64896K, reserved 1105920K
  class space    used 7767K, committed 8192K, reserved 1048576K
}
Event: 133.505 GC heap after
{Heap after GC invocations=50 (full 3):
 PSYoungGen      total 17408K, used 343K [0x00000000eab00000, 0x00000000ebc80000, 0x0000000100000000)
  eden space 16384K, 0% used [0x00000000eab00000,0x00000000eab00000,0x00000000ebb00000)
  from space 1024K, 33% used [0x00000000ebb00000,0x00000000ebb55f50,0x00000000ebc00000)
  to   space 512K, 0% used [0x00000000ebc00000,0x00000000ebc00000,0x00000000ebc80000)
 ParOldGen       total 68608K, used 37637K [0x00000000c0000000, 0x00000000c4300000, 0x00000000eab00000)
  object space 68608K, 54% used [0x00000000c0000000,0x00000000c24c15d8,0x00000000c4300000)
 Metaspace       used 63898K, committed 64896K, reserved 1105920K
  class space    used 7767K, committed 8192K, reserved 1048576K
}

