# JRE version: OpenJDK Runtime Environment Temurin-17.0.6+10 (17.0.6+10) (build 17.0.6+10)
# Java VM: OpenJDK 64-Bit Server VM Temurin-17.0.6+10 (17.0.6+10, mixed mode, tiered, compressed oops, compressed class ptrs, parallel gc, windows-amd64)
GC Precious Log:
 CPUs: 12 total, 12 available
 Memory: 7549M
 Large Page Support: Disabled
 NUMA Support: Disabled
 Compressed Oops: Enabled (32-bit)
 Alignments: Space 512K, Generation 512K, Heap 2M
 Heap Min Capacity: 100M
 Heap Initial Capacity: 100M
 Heap Max Capacity: 1G
 Pre-touch: Disabled
 Parallel Workers: 10
Heap:
 PSYoungGen      total 22528K, used 2784K [0x00000000eab00000, 0x00000000ec880000, 0x0000000100000000)
  eden space 22016K, 10% used [0x00000000eab00000,0x00000000ead38e08,0x00000000ec080000)
  from space 512K, 99% used [0x00000000ec800000,0x00000000ec87f540,0x00000000ec880000)
  to   space 1024K, 0% used [0x00000000ec680000,0x00000000ec680000,0x00000000ec780000)
 ParOldGen       total 68608K, used 32912K [0x00000000c0000000, 0x00000000c4300000, 0x00000000eab00000)
  object space 68608K, 47% used [0x00000000c0000000,0x00000000c2024340,0x00000000c4300000)
 Metaspace       used 54101K, committed 54976K, reserved 1097728K
  class space    used 6299K, committed 6656K, reserved 1048576K
GC Heap History (20 events):
Event: 8.117 GC heap before
{Heap before GC invocations=13 (full 2):
 PSYoungGen      total 24576K, used 24172K [0x00000000eab00000, 0x00000000ec680000, 0x0000000100000000)
  eden space 23040K, 100% used [0x00000000eab00000,0x00000000ec180000,0x00000000ec180000)
  from space 1536K, 73% used [0x00000000ec500000,0x00000000ec61b240,0x00000000ec680000)
  to   space 1536K, 0% used [0x00000000ec380000,0x00000000ec380000,0x00000000ec500000)
 ParOldGen       total 68608K, used 12203K [0x00000000c0000000, 0x00000000c4300000, 0x00000000eab00000)
  object space 68608K, 17% used [0x00000000c0000000,0x00000000c0bead48,0x00000000c4300000)
 Metaspace       used 40415K, committed 41152K, reserved 1089536K
  class space    used 4265K, committed 4608K, reserved 1048576K
}
Event: 8.119 GC heap after
{Heap after GC invocations=13 (full 2):
 PSYoungGen      total 23552K, used 832K [0x00000000eab00000, 0x00000000ec580000, 0x0000000100000000)
  eden space 22528K, 0% used [0x00000000eab00000,0x00000000eab00000,0x00000000ec100000)
  from space 1024K, 81% used [0x00000000ec380000,0x00000000ec450000,0x00000000ec480000)
  to   space 1024K, 0% used [0x00000000ec480000,0x00000000ec480000,0x00000000ec580000)
 ParOldGen       total 68608K, used 13112K [0x00000000c0000000, 0x00000000c4300000, 0x00000000eab00000)
  object space 68608K, 19% used [0x00000000c0000000,0x00000000c0cce2b8,0x00000000c4300000)
 Metaspace       used 40415K, committed 41152K, reserved 1089536K
  class space    used 4265K, committed 4608K, reserved 1048576K
}
Event: 8.468 GC heap before
{Heap before GC invocations=14 (full 2):
 PSYoungGen      total 23552K, used 23360K [0x00000000eab00000, 0x00000000ec580000, 0x0000000100000000)
  eden space 22528K, 100% used [0x00000000eab00000,0x00000000ec100000,0x00000000ec100000)
  from space 1024K, 81% used [0x00000000ec380000,0x00000000ec450000,0x00000000ec480000)
  to   space 1024K, 0% used [0x00000000ec480000,0x00000000ec480000,0x00000000ec580000)
 ParOldGen       total 68608K, used 13112K [0x00000000c0000000, 0x00000000c4300000, 0x00000000eab00000)
  object space 68608K, 19% used [0x00000000c0000000,0x00000000c0cce2b8,0x00000000c4300000)
 Metaspace       used 43292K, committed 44160K, reserved 1089536K
  class space    used 4632K, committed 4992K, reserved 1048576K
}
Event: 8.470 GC heap after
{Heap after GC invocations=14 (full 2):
 PSYoungGen      total 23040K, used 1024K [0x00000000eab00000, 0x00000000ec580000, 0x0000000100000000)
  eden space 22016K, 0% used [0x00000000eab00000,0x00000000eab00000,0x00000000ec080000)
  from space 1024K, 100% used [0x00000000ec480000,0x00000000ec580000,0x00000000ec580000)
  to   space 2560K, 0% used [0x00000000ec080000,0x00000000ec080000,0x00000000ec300000)
 ParOldGen       total 68608K, used 14101K [0x00000000c0000000, 0x00000000c4300000, 0x00000000eab00000)
  object space 68608K, 20% used [0x00000000c0000000,0x00000000c0dc54d0,0x00000000c4300000)
 Metaspace       used 43292K, committed 44160K, reserved 1089536K
  class space    used 4632K, committed 4992K, reserved 1048576K
}
Event: 9.707 GC heap before
{Heap before GC invocations=15 (full 2):
 PSYoungGen      total 23040K, used 23040K [0x00000000eab00000, 0x00000000ec580000, 0x0000000100000000)
  eden space 22016K, 100% used [0x00000000eab00000,0x00000000ec080000,0x00000000ec080000)
  from space 1024K, 100% used [0x00000000ec480000,0x00000000ec580000,0x00000000ec580000)
  to   space 2560K, 0% used [0x00000000ec080000,0x00000000ec080000,0x00000000ec300000)
 ParOldGen       total 68608K, used 14101K [0x00000000c0000000, 0x00000000c4300000, 0x00000000eab00000)
  object space 68608K, 20% used [0x00000000c0000000,0x00000000c0dc54d0,0x00000000c4300000)
 Metaspace       used 45686K, committed 46528K, reserved 1097728K
  class space    used 4956K, committed 5312K, reserved 1048576K
}
Event: 9.709 GC heap after
{Heap after GC invocations=15 (full 2):
 PSYoungGen      total 24576K, used 2553K [0x00000000eab00000, 0x00000000ecb80000, 0x0000000100000000)
  eden space 22016K, 0% used [0x00000000eab00000,0x00000000eab00000,0x00000000ec080000)
  from space 2560K, 99% used [0x00000000ec080000,0x00000000ec2fe4c8,0x00000000ec300000)
  to   space 5632K, 0% used [0x00000000ec600000,0x00000000ec600000,0x00000000ecb80000)
 ParOldGen       total 68608K, used 16477K [0x00000000c0000000, 0x00000000c4300000, 0x00000000eab00000)
  object space 68608K, 24% used [0x00000000c0000000,0x00000000c1017768,0x00000000c4300000)
 Metaspace       used 45686K, committed 46528K, reserved 1097728K
  class space    used 4956K, committed 5312K, reserved 1048576K
}
Event: 9.830 GC heap before
{Heap before GC invocations=16 (full 2):
 PSYoungGen      total 24576K, used 24569K [0x00000000eab00000, 0x00000000ecb80000, 0x0000000100000000)
  eden space 22016K, 100% used [0x00000000eab00000,0x00000000ec080000,0x00000000ec080000)
  from space 2560K, 99% used [0x00000000ec080000,0x00000000ec2fe4c8,0x00000000ec300000)
  to   space 5632K, 0% used [0x00000000ec600000,0x00000000ec600000,0x00000000ecb80000)
 ParOldGen       total 68608K, used 16477K [0x00000000c0000000, 0x00000000c4300000, 0x00000000eab00000)
  object space 68608K, 24% used [0x00000000c0000000,0x00000000c1017768,0x00000000c4300000)
 Metaspace       used 46036K, committed 46912K, reserved 1097728K
  class space    used 4995K, committed 5376K, reserved 1048576K
}
Event: 9.832 GC heap after
{Heap after GC invocations=16 (full 2):
 PSYoungGen      total 25088K, used 2656K [0x00000000eab00000, 0x00000000ec900000, 0x0000000100000000)
  eden space 22016K, 0% used [0x00000000eab00000,0x00000000eab00000,0x00000000ec080000)
  from space 3072K, 86% used [0x00000000ec600000,0x00000000ec898000,0x00000000ec900000)
  to   space 3584K, 0% used [0x00000000ec200000,0x00000000ec200000,0x00000000ec580000)
 ParOldGen       total 68608K, used 17215K [0x00000000c0000000, 0x00000000c4300000, 0x00000000eab00000)
  object space 68608K, 25% used [0x00000000c0000000,0x00000000c10cff18,0x00000000c4300000)
 Metaspace       used 46036K, committed 46912K, reserved 1097728K
  class space    used 4995K, committed 5376K, reserved 1048576K
}
Event: 10.213 GC heap before
{Heap before GC invocations=17 (full 2):
 PSYoungGen      total 25088K, used 24672K [0x00000000eab00000, 0x00000000ec900000, 0x0000000100000000)
  eden space 22016K, 100% used [0x00000000eab00000,0x00000000ec080000,0x00000000ec080000)
  from space 3072K, 86% used [0x00000000ec600000,0x00000000ec898000,0x00000000ec900000)
  to   space 3584K, 0% used [0x00000000ec200000,0x00000000ec200000,0x00000000ec580000)
 ParOldGen       total 68608K, used 17215K [0x00000000c0000000, 0x00000000c4300000, 0x00000000eab00000)
  object space 68608K, 25% used [0x00000000c0000000,0x00000000c10cff18,0x00000000c4300000)
 Metaspace       used 47675K, committed 48512K, reserved 1097728K
  class space    used 5235K, committed 5568K, reserved 1048576K
}
Event: 10.218 GC heap after
{Heap after GC invocations=17 (full 2):
 PSYoungGen      total 25600K, used 3565K [0x00000000eab00000, 0x00000000ed780000, 0x0000000100000000)
  eden space 22016K, 0% used [0x00000000eab00000,0x00000000eab00000,0x00000000ec080000)
  from space 3584K, 99% used [0x00000000ec200000,0x00000000ec57b568,0x00000000ec580000)
  to   space 11776K, 0% used [0x00000000ecc00000,0x00000000ecc00000,0x00000000ed780000)
 ParOldGen       total 68608K, used 23753K [0x00000000c0000000, 0x00000000c4300000, 0x00000000eab00000)
  object space 68608K, 34% used [0x00000000c0000000,0x00000000c1732770,0x00000000c4300000)
 Metaspace       used 47675K, committed 48512K, reserved 1097728K
  class space    used 5235K, committed 5568K, reserved 1048576K
}
Event: 10.455 GC heap before
{Heap before GC invocations=18 (full 2):
 PSYoungGen      total 25600K, used 25470K [0x00000000eab00000, 0x00000000ed780000, 0x0000000100000000)
  eden space 22016K, 99% used [0x00000000eab00000,0x00000000ec064588,0x00000000ec080000)
  from space 3584K, 99% used [0x00000000ec200000,0x00000000ec57b568,0x00000000ec580000)
  to   space 11776K, 0% used [0x00000000ecc00000,0x00000000ecc00000,0x00000000ed780000)
 ParOldGen       total 68608K, used 23753K [0x00000000c0000000, 0x00000000c4300000, 0x00000000eab00000)
  object space 68608K, 34% used [0x00000000c0000000,0x00000000c1732770,0x00000000c4300000)
 Metaspace       used 49475K, committed 50304K, reserved 1097728K
  class space    used 5540K, committed 5888K, reserved 1048576K
}
Event: 10.456 GC heap after
{Heap after GC invocations=18 (full 2):
 PSYoungGen      total 23040K, used 768K [0x00000000eab00000, 0x00000000ecd00000, 0x0000000100000000)
  eden space 22016K, 0% used [0x00000000eab00000,0x00000000eab00000,0x00000000ec080000)
  from space 1024K, 75% used [0x00000000ecc00000,0x00000000eccc0000,0x00000000ecd00000)
  to   space 4608K, 0% used [0x00000000ec400000,0x00000000ec400000,0x00000000ec880000)
 ParOldGen       total 68608K, used 27280K [0x00000000c0000000, 0x00000000c4300000, 0x00000000eab00000)
  object space 68608K, 39% used [0x00000000c0000000,0x00000000c1aa4148,0x00000000c4300000)
 Metaspace       used 49475K, committed 50304K, reserved 1097728K
  class space    used 5540K, committed 5888K, reserved 1048576K
}
Event: 14.237 GC heap before
{Heap before GC invocations=19 (full 2):
 PSYoungGen      total 23040K, used 22784K [0x00000000eab00000, 0x00000000ecd00000, 0x0000000100000000)
  eden space 22016K, 100% used [0x00000000eab00000,0x00000000ec080000,0x00000000ec080000)
  from space 1024K, 75% used [0x00000000ecc00000,0x00000000eccc0000,0x00000000ecd00000)
  to   space 4608K, 0% used [0x00000000ec400000,0x00000000ec400000,0x00000000ec880000)
 ParOldGen       total 68608K, used 27280K [0x00000000c0000000, 0x00000000c4300000, 0x00000000eab00000)
  object space 68608K, 39% used [0x00000000c0000000,0x00000000c1aa4148,0x00000000c4300000)
 Metaspace       used 49613K, committed 50496K, reserved 1097728K
  class space    used 5549K, committed 5888K, reserved 1048576K
}
Event: 14.240 GC heap after
{Heap after GC invocations=19 (full 2):
 PSYoungGen      total 26624K, used 4138K [0x00000000eab00000, 0x00000000ecc80000, 0x0000000100000000)
  eden space 22016K, 0% used [0x00000000eab00000,0x00000000eab00000,0x00000000ec080000)
  from space 4608K, 89% used [0x00000000ec400000,0x00000000ec80ab30,0x00000000ec880000)
  to   space 4096K, 0% used [0x00000000ec880000,0x00000000ec880000,0x00000000ecc80000)
 ParOldGen       total 68608K, used 27884K [0x00000000c0000000, 0x00000000c4300000, 0x00000000eab00000)
  object space 68608K, 40% used [0x00000000c0000000,0x00000000c1b3b158,0x00000000c4300000)
 Metaspace       used 49613K, committed 50496K, reserved 1097728K
  class space    used 5549K, committed 5888K, reserved 1048576K
}
Event: 14.636 GC heap before
{Heap before GC invocations=20 (full 2):
 PSYoungGen      total 26624K, used 26154K [0x00000000eab00000, 0x00000000ecc80000, 0x0000000100000000)
  eden space 22016K, 100% used [0x00000000eab00000,0x00000000ec080000,0x00000000ec080000)
  from space 4608K, 89% used [0x00000000ec400000,0x00000000ec80ab30,0x00000000ec880000)
  to   space 4096K, 0% used [0x00000000ec880000,0x00000000ec880000,0x00000000ecc80000)
 ParOldGen       total 68608K, used 27884K [0x00000000c0000000, 0x00000000c4300000, 0x00000000eab00000)
  object space 68608K, 40% used [0x00000000c0000000,0x00000000c1b3b158,0x00000000c4300000)
 Metaspace       used 51513K, committed 52416K, reserved 1097728K
  class space    used 5918K, committed 6272K, reserved 1048576K
}
Event: 14.638 GC heap after
{Heap after GC invocations=20 (full 2):
 PSYoungGen      total 23040K, used 896K [0x00000000eab00000, 0x00000000ec980000, 0x0000000100000000)
  eden space 22016K, 0% used [0x00000000eab00000,0x00000000eab00000,0x00000000ec080000)
  from space 1024K, 87% used [0x00000000ec880000,0x00000000ec960020,0x00000000ec980000)
  to   space 2560K, 0% used [0x00000000ec480000,0x00000000ec480000,0x00000000ec700000)
 ParOldGen       total 68608K, used 31835K [0x00000000c0000000, 0x00000000c4300000, 0x00000000eab00000)
  object space 68608K, 46% used [0x00000000c0000000,0x00000000c1f16f78,0x00000000c4300000)
 Metaspace       used 51513K, committed 52416K, reserved 1097728K
  class space    used 5918K, committed 6272K, reserved 1048576K
}
Event: 15.225 GC heap before
{Heap before GC invocations=21 (full 2):
 PSYoungGen      total 23040K, used 22912K [0x00000000eab00000, 0x00000000ec980000, 0x0000000100000000)
  eden space 22016K, 100% used [0x00000000eab00000,0x00000000ec080000,0x00000000ec080000)
  from space 1024K, 87% used [0x00000000ec880000,0x00000000ec960020,0x00000000ec980000)
  to   space 2560K, 0% used [0x00000000ec480000,0x00000000ec480000,0x00000000ec700000)
 ParOldGen       total 68608K, used 31835K [0x00000000c0000000, 0x00000000c4300000, 0x00000000eab00000)
  object space 68608K, 46% used [0x00000000c0000000,0x00000000c1f16f78,0x00000000c4300000)
 Metaspace       used 53177K, committed 54144K, reserved 1097728K
  class space    used 6168K, committed 6528K, reserved 1048576K
}
Event: 15.226 GC heap after
{Heap after GC invocations=21 (full 2):
 PSYoungGen      total 24576K, used 576K [0x00000000eab00000, 0x00000000ec900000, 0x0000000100000000)
  eden space 22016K, 0% used [0x00000000eab00000,0x00000000eab00000,0x00000000ec080000)
  from space 2560K, 22% used [0x00000000ec480000,0x00000000ec510000,0x00000000ec700000)
  to   space 1024K, 0% used [0x00000000ec800000,0x00000000ec800000,0x00000000ec900000)
 ParOldGen       total 68608K, used 32560K [0x00000000c0000000, 0x00000000c4300000, 0x00000000eab00000)
  object space 68608K, 47% used [0x00000000c0000000,0x00000000c1fcc330,0x00000000c4300000)
 Metaspace       used 53177K, committed 54144K, reserved 1097728K
  class space    used 6168K, committed 6528K, reserved 1048576K
}
Event: 15.645 GC heap before
{Heap before GC invocations=22 (full 2):
 PSYoungGen      total 24576K, used 22592K [0x00000000eab00000, 0x00000000ec900000, 0x0000000100000000)
  eden space 22016K, 100% used [0x00000000eab00000,0x00000000ec080000,0x00000000ec080000)
  from space 2560K, 22% used [0x00000000ec480000,0x00000000ec510000,0x00000000ec700000)
  to   space 1024K, 0% used [0x00000000ec800000,0x00000000ec800000,0x00000000ec900000)
 ParOldGen       total 68608K, used 32560K [0x00000000c0000000, 0x00000000c4300000, 0x00000000eab00000)
  object space 68608K, 47% used [0x00000000c0000000,0x00000000c1fcc330,0x00000000c4300000)
 Metaspace       used 53942K, committed 54912K, reserved 1097728K
  class space    used 6276K, committed 6656K, reserved 1048576K
}
Event: 15.646 GC heap after
{Heap after GC invocations=22 (full 2):
 PSYoungGen      total 22528K, used 509K [0x00000000eab00000, 0x00000000ec880000, 0x0000000100000000)
  eden space 22016K, 0% used [0x00000000eab00000,0x00000000eab00000,0x00000000ec080000)
  from space 512K, 99% used [0x00000000ec800000,0x00000000ec87f540,0x00000000ec880000)
  to   space 1024K, 0% used [0x00000000ec680000,0x00000000ec680000,0x00000000ec780000)
 ParOldGen       total 68608K, used 32912K [0x00000000c0000000, 0x00000000c4300000, 0x00000000eab00000)
  object space 68608K, 47% used [0x00000000c0000000,0x00000000c2024340,0x00000000c4300000)
 Metaspace       used 53942K, committed 54912K, reserved 1097728K
  class space    used 6276K, committed 6656K, reserved 1048576K
}

